<?xml version="1.0" encoding="UTF-8"?>
<!-- Generated by org.testng.reporters.JUnitReportReporter -->
<testsuite hostname="DESKTOP-TRK2IDM" failures="0" tests="3" name="co.mercury.qa.testcases.LoginPageTest" time="40.251" errors="0" timestamp="13 Jul 2020 18:34:00 GMT" skipped="0">
  <testcase classname="co.mercury.qa.testcases.LoginPageTest" name="loginPageTitleTest" time="10.711"/>
  <testcase classname="co.mercury.qa.testcases.LoginPageTest" name="loginTest" time="13.134"/>
  <testcase classname="co.mercury.qa.testcases.LoginPageTest" name="loginTest" time="16.406"/>
</testsuite> <!-- co.mercury.qa.testcases.LoginPageTest -->
