<?xml version="1.0" encoding="UTF-8"?>
<!-- Generated by org.testng.reporters.JUnitReportReporter -->
<testsuite hostname="DESKTOP-TRK2IDM" failures="0" tests="2" name="co.mercury.qa.testcases.SelectFlightTest" time="35.810" errors="0" timestamp="13 Jul 2020 18:34:00 GMT" skipped="0">
  <testcase classname="co.mercury.qa.testcases.SelectFlightTest" name="verifySelectFlight" time="18.292"/>
  <testcase classname="co.mercury.qa.testcases.SelectFlightTest" name="verifySelectFlight" time="17.518"/>
</testsuite> <!-- co.mercury.qa.testcases.SelectFlightTest -->
