<?xml version="1.0" encoding="UTF-8"?>
<!-- Generated by org.testng.reporters.JUnitReportReporter -->
<testsuite hostname="DESKTOP-TRK2IDM" failures="0" tests="1" name="co.mercury.qa.testcases.BookFlightTest" time="24.239" errors="0" timestamp="11 Jul 2020 04:40:20 GMT" skipped="0">
  <testcase classname="co.mercury.qa.testcases.BookFlightTest" name="verifyBookFlight" time="24.239"/>
</testsuite> <!-- co.mercury.qa.testcases.BookFlightTest -->
