<?xml version="1.0" encoding="UTF-8"?>
<!-- Generated by org.testng.reporters.JUnitReportReporter -->
<testsuite hostname="DESKTOP-TRK2IDM" failures="0" tests="3" name="co.mercury.qa.testcases.FlightFinderTest" time="45.553" errors="0" timestamp="13 Jul 2020 18:34:00 GMT" skipped="0">
  <testcase classname="co.mercury.qa.testcases.FlightFinderTest" name="verifyFlightFinderTitle" time="12.719"/>
  <testcase classname="co.mercury.qa.testcases.FlightFinderTest" name="flightFinderForm" time="16.738"/>
  <testcase classname="co.mercury.qa.testcases.FlightFinderTest" name="flightFinderForm" time="16.096"/>
</testsuite> <!-- co.mercury.qa.testcases.FlightFinderTest -->
